TN:
SF:src/metering.ts
FN:133,(anonymous_0)
FN:155,(anonymous_1)
FN:163,(anonymous_2)
FN:176,(anonymous_3)
FN:200,(anonymous_4)
FN:220,(anonymous_5)
FN:246,(anonymous_6)
FN:253,(anonymous_7)
FN:283,(anonymous_8)
FN:301,(anonymous_9)
FN:310,(anonymous_10)
FN:317,(anonymous_11)
FN:318,(anonymous_12)
FN:321,(anonymous_13)
FN:338,(anonymous_14)
FN:344,(anonymous_15)
FN:373,createUsageTracker
FN:408,createUsageTrackingMiddleware
FN:428,(anonymous_18)
FN:430,(anonymous_19)
FN:437,(anonymous_20)
FN:443,(anonymous_21)
FN:470,defaultUsageExtractor
FN:514,generateUsageReport
FNF:24
FNH:16
FNDA:5,(anonymous_0)
FNDA:8,(anonymous_1)
FNDA:4,(anonymous_2)
FNDA:7,(anonymous_3)
FNDA:3,(anonymous_4)
FNDA:5,(anonymous_5)
FNDA:15,(anonymous_6)
FNDA:20,(anonymous_7)
FNDA:23,(anonymous_8)
FNDA:8,(anonymous_9)
FNDA:11,(anonymous_10)
FNDA:3,(anonymous_11)
FNDA:6,(anonymous_12)
FNDA:4,(anonymous_13)
FNDA:1,(anonymous_14)
FNDA:8,(anonymous_15)
FNDA:0,createUsageTracker
FNDA:0,createUsageTrackingMiddleware
FNDA:0,(anonymous_18)
FNDA:0,(anonymous_19)
FNDA:0,(anonymous_20)
FNDA:0,(anonymous_21)
FNDA:0,defaultUsageExtractor
FNDA:0,generateUsageReport
DA:140,5
DA:141,5
DA:143,5
DA:144,3
DA:145,3
DA:146,3
DA:149,5
DA:157,8
DA:164,4
DA:165,4
DA:183,7
DA:193,7
DA:194,7
DA:206,3
DA:213,3
DA:214,3
DA:226,5
DA:227,5
DA:244,15
DA:247,15
DA:248,15
DA:249,15
DA:250,15
DA:258,20
DA:266,20
DA:267,20
DA:268,0
DA:272,20
DA:273,24
DA:274,23
DA:275,23
DA:278,23
DA:284,23
DA:285,23
DA:287,21
DA:288,21
DA:290,21
DA:295,0
DA:296,21
DA:297,0
DA:302,8
DA:303,8
DA:305,8
DA:310,11
DA:318,6
DA:325,4
DA:326,4
DA:328,1
DA:331,3
DA:332,3
DA:333,3
DA:335,3
DA:339,1
DA:340,1
DA:341,1
DA:348,8
DA:351,8
DA:353,8
DA:354,2
DA:356,8
DA:357,0
DA:359,8
DA:360,4
DA:362,8
DA:363,0
DA:366,8
DA:379,0
DA:381,0
DA:382,0
DA:386,0
DA:387,0
DA:388,0
DA:391,0
DA:395,0
DA:425,0
DA:427,0
DA:428,0
DA:430,0
DA:431,0
DA:432,0
DA:435,0
DA:437,0
DA:438,0
DA:439,0
DA:443,0
DA:444,0
DA:445,0
DA:447,0
DA:449,0
DA:452,0
DA:454,0
DA:463,0
DA:474,0
DA:477,0
DA:482,0
DA:483,0
DA:484,0
DA:487,0
DA:488,0
DA:489,0
DA:492,0
DA:515,0
DA:518,0
DA:519,0
DA:520,0
DA:523,0
DA:525,0
LF:107
LH:61
BRDA:143,0,0,3
BRDA:144,1,0,2
BRDA:145,2,0,2
BRDA:146,3,0,1
BRDA:193,4,0,7
BRDA:193,4,1,1
BRDA:213,5,0,3
BRDA:213,5,1,1
BRDA:267,6,0,0
BRDA:273,7,0,23
BRDA:273,8,0,24
BRDA:273,8,1,23
BRDA:274,9,0,23
BRDA:274,9,1,14
BRDA:285,10,0,2
BRDA:290,11,0,0
BRDA:290,11,1,21
BRDA:291,12,0,21
BRDA:291,12,1,0
BRDA:291,12,2,0
BRDA:296,13,0,0
BRDA:296,14,0,21
BRDA:296,14,1,0
BRDA:303,15,0,8
BRDA:303,15,1,0
BRDA:326,16,0,1
BRDA:331,17,0,3
BRDA:331,17,1,2
BRDA:353,18,0,2
BRDA:356,19,0,0
BRDA:359,20,0,4
BRDA:362,21,0,0
BRDA:381,22,0,0
BRDA:387,23,0,0
BRDA:425,24,0,0
BRDA:425,24,1,0
BRDA:427,25,0,0
BRDA:427,25,1,0
BRDA:447,26,0,0
BRDA:477,27,0,0
BRDA:477,28,0,0
BRDA:477,28,1,0
BRDA:483,29,0,0
BRDA:488,30,0,0
BRDA:518,31,0,0
BRDA:518,31,1,0
BRDA:519,32,0,0
BRDA:519,32,1,0
BRF:48
BRH:23
end_of_record
TN:
SF:src/middleware.ts
FN:125,buildPaymentRequiredHeader
FN:170,parsePaymentHeader
FN:184,buildPaymentResponseHeader
FN:196,verifySubscriptionCreation
FN:217,(anonymous_4)
FN:274,verifyPayAsYouGoPayment
FN:291,(anonymous_6)
FN:306,(anonymous_7)
FN:345,createX402Middleware
FN:346,(anonymous_9)
FNF:10
FNH:3
FNDA:17,buildPaymentRequiredHeader
FNDA:0,parsePaymentHeader
FNDA:0,buildPaymentResponseHeader
FNDA:0,verifySubscriptionCreation
FNDA:0,(anonymous_4)
FNDA:0,verifyPayAsYouGoPayment
FNDA:0,(anonymous_6)
FNDA:0,(anonymous_7)
FNDA:24,createX402Middleware
FNDA:17,(anonymous_9)
DA:130,17
DA:144,17
DA:145,1
DA:146,1
DA:149,1
DA:150,0
DA:152,16
DA:153,16
DA:154,16
DA:156,16
DA:157,16
DA:159,16
DA:160,16
DA:164,17
DA:171,0
DA:173,0
DA:174,0
DA:176,0
DA:177,0
DA:190,0
DA:204,0
DA:205,0
DA:209,0
DA:213,0
DA:214,0
DA:217,0
DA:218,0
DA:221,0
DA:222,0
DA:224,0
DA:225,0
DA:231,0
DA:232,0
DA:233,0
DA:239,0
DA:240,0
DA:241,0
DA:247,0
DA:248,0
DA:254,0
DA:255,0
DA:261,0
DA:263,0
DA:281,0
DA:282,0
DA:286,0
DA:291,0
DA:292,0
DA:293,0
DA:299,0
DA:300,0
DA:306,0
DA:307,0
DA:310,0
DA:311,0
DA:313,0
DA:314,0
DA:315,0
DA:321,0
DA:322,0
DA:328,0
DA:329,0
DA:335,0
DA:337,0
DA:346,24
DA:348,17
DA:349,17
DA:350,0
DA:351,0
DA:352,0
DA:364,0
DA:368,0
DA:369,0
DA:371,0
DA:373,0
DA:374,0
DA:375,0
DA:376,0
DA:378,0
DA:381,0
DA:384,0
DA:386,0
DA:394,0
DA:397,0
DA:416,0
DA:420,0
DA:425,0
DA:437,0
DA:438,0
DA:443,17
DA:444,17
DA:445,0
DA:446,0
DA:448,0
DA:449,0
DA:455,0
DA:456,0
DA:462,0
DA:463,0
DA:467,0
DA:468,0
DA:471,0
DA:472,0
DA:473,0
DA:476,0
DA:480,0
DA:483,0
DA:488,0
DA:489,0
DA:497,0
DA:498,0
DA:506,0
DA:509,0
DA:510,0
DA:513,0
DA:528,0
DA:529,0
DA:539,0
DA:551,0
DA:552,0
DA:553,0
DA:554,0
DA:555,0
DA:560,0
DA:563,0
DA:564,0
DA:572,0
DA:575,0
DA:579,0
DA:580,0
DA:593,0
DA:594,0
DA:602,0
DA:603,0
DA:611,0
DA:614,0
DA:615,0
DA:621,0
DA:624,0
DA:639,0
DA:640,0
DA:650,0
DA:662,0
DA:663,0
DA:671,17
DA:673,17
DA:674,17
DA:677,17
DA:680,17
DA:685,17
LF:150
LH:24
BRDA:144,0,0,1
BRDA:144,0,1,16
BRDA:145,1,0,1
BRDA:145,1,1,1
BRDA:147,2,0,0
BRDA:147,2,1,1
BRDA:149,3,0,0
BRDA:149,4,0,1
BRDA:149,4,1,0
BRDA:152,5,0,16
BRDA:153,6,0,16
BRDA:156,7,0,16
BRDA:159,8,0,16
BRDA:213,9,0,0
BRDA:224,10,0,0
BRDA:231,11,0,0
BRDA:231,11,1,0
BRDA:232,12,0,0
BRDA:240,13,0,0
BRDA:240,14,0,0
BRDA:240,14,1,0
BRDA:247,15,0,0
BRDA:254,16,0,0
BRDA:266,17,0,0
BRDA:266,17,1,0
BRDA:294,18,0,0
BRDA:294,18,1,0
BRDA:299,19,0,0
BRDA:314,20,0,0
BRDA:314,21,0,0
BRDA:314,21,1,0
BRDA:321,22,0,0
BRDA:328,23,0,0
BRDA:340,24,0,0
BRDA:340,24,1,0
BRDA:349,25,0,0
BRDA:349,26,0,17
BRDA:349,26,1,0
BRDA:368,27,0,0
BRDA:371,28,0,0
BRDA:373,29,0,0
BRDA:373,29,1,0
BRDA:375,30,0,0
BRDA:384,31,0,0
BRDA:384,31,1,0
BRDA:384,32,0,0
BRDA:384,32,1,0
BRDA:444,33,0,0
BRDA:448,34,0,0
BRDA:455,35,0,0
BRDA:462,36,0,0
BRDA:467,37,0,0
BRDA:488,38,0,0
BRDA:488,38,1,0
BRDA:497,39,0,0
BRDA:497,39,1,0
BRDA:509,40,0,0
BRDA:553,41,0,0
BRDA:579,42,0,0
BRDA:593,43,0,0
BRDA:593,43,1,0
BRDA:602,44,0,0
BRDA:602,44,1,0
BRDA:614,45,0,0
BRDA:665,46,0,0
BRDA:665,46,1,0
BRDA:675,47,0,16
BRDA:675,47,1,1
BRF:68
BRH:13
end_of_record
