{"/home/xeroc/projects/Tributary/tributary/x402/src/metering.ts": {"path":"/home/xeroc/projects/Tributary/tributary/x402/src/metering.ts","statementMap":{"0":{"start":{"line":140,"column":60},"end":{"line":140,"column":62}},"1":{"start":{"line":141,"column":14},"end":{"line":141,"column":28}},"2":{"start":{"line":143,"column":4},"end":{"line":147,"column":5}},"3":{"start":{"line":144,"column":6},"end":{"line":144,"column":64}},"4":{"start":{"line":144,"column":27},"end":{"line":144,"column":64}},"5":{"start":{"line":145,"column":6},"end":{"line":145,"column":73}},"6":{"start":{"line":145,"column":31},"end":{"line":145,"column":73}},"7":{"start":{"line":146,"column":6},"end":{"line":146,"column":65}},"8":{"start":{"line":146,"column":26},"end":{"line":146,"column":65}},"9":{"start":{"line":149,"column":4},"end":{"line":149,"column":17}},"10":{"start":{"line":157,"column":4},"end":{"line":157,"column":38}},"11":{"start":{"line":164,"column":20},"end":{"line":164,"column":40}},"12":{"start":{"line":165,"column":4},"end":{"line":165,"column":42}},"13":{"start":{"line":183,"column":6},"end":{"line":191,"column":8}},"14":{"start":{"line":193,"column":23},"end":{"line":193,"column":77}},"15":{"start":{"line":194,"column":4},"end":{"line":194,"column":77}},"16":{"start":{"line":206,"column":47},"end":{"line":211,"column":6}},"17":{"start":{"line":213,"column":25},"end":{"line":213,"column":67}},"18":{"start":{"line":214,"column":4},"end":{"line":214,"column":49}},"19":{"start":{"line":226,"column":31},"end":{"line":226,"column":37}},"20":{"start":{"line":227,"column":4},"end":{"line":232,"column":6}},"21":{"start":{"line":244,"column":19},"end":{"line":244,"column":42}},"22":{"start":{"line":247,"column":4},"end":{"line":247,"column":25}},"23":{"start":{"line":248,"column":4},"end":{"line":248,"column":41}},"24":{"start":{"line":249,"column":4},"end":{"line":249,"column":26}},"25":{"start":{"line":250,"column":4},"end":{"line":250,"column":29}},"26":{"start":{"line":258,"column":32},"end":{"line":263,"column":6}},"27":{"start":{"line":266,"column":4},"end":{"line":266,"column":37}},"28":{"start":{"line":267,"column":4},"end":{"line":269,"column":5}},"29":{"start":{"line":268,"column":6},"end":{"line":268,"column":34}},"30":{"start":{"line":272,"column":4},"end":{"line":280,"column":5}},"31":{"start":{"line":273,"column":6},"end":{"line":279,"column":7}},"32":{"start":{"line":274,"column":24},"end":{"line":274,"column":74}},"33":{"start":{"line":275,"column":8},"end":{"line":275,"column":73}},"34":{"start":{"line":278,"column":8},"end":{"line":278,"column":71}},"35":{"start":{"line":284,"column":18},"end":{"line":284,"column":48}},"36":{"start":{"line":285,"column":4},"end":{"line":285,"column":36}},"37":{"start":{"line":285,"column":29},"end":{"line":285,"column":36}},"38":{"start":{"line":287,"column":29},"end":{"line":287,"column":40}},"39":{"start":{"line":288,"column":30},"end":{"line":288,"column":35}},"40":{"start":{"line":290,"column":4},"end":{"line":298,"column":5}},"41":{"start":{"line":295,"column":6},"end":{"line":295,"column":59}},"42":{"start":{"line":296,"column":11},"end":{"line":298,"column":5}},"43":{"start":{"line":297,"column":6},"end":{"line":297,"column":60}},"44":{"start":{"line":302,"column":16},"end":{"line":302,"column":26}},"45":{"start":{"line":303,"column":25},"end":{"line":303,"column":65}},"46":{"start":{"line":305,"column":4},"end":{"line":314,"column":6}},"47":{"start":{"line":310,"column":15},"end":{"line":310,"column":53}},"48":{"start":{"line":318,"column":4},"end":{"line":318,"column":71}},"49":{"start":{"line":318,"column":45},"end":{"line":318,"column":69}},"50":{"start":{"line":325,"column":18},"end":{"line":325,"column":48}},"51":{"start":{"line":326,"column":4},"end":{"line":329,"column":5}},"52":{"start":{"line":328,"column":6},"end":{"line":328,"column":52}},"53":{"start":{"line":331,"column":20},"end":{"line":331,"column":51}},"54":{"start":{"line":332,"column":22},"end":{"line":332,"column":50}},"55":{"start":{"line":333,"column":20},"end":{"line":333,"column":46}},"56":{"start":{"line":335,"column":4},"end":{"line":335,"column":34}},"57":{"start":{"line":339,"column":4},"end":{"line":339,"column":41}},"58":{"start":{"line":340,"column":4},"end":{"line":340,"column":26}},"59":{"start":{"line":341,"column":4},"end":{"line":341,"column":29}},"60":{"start":{"line":348,"column":18},"end":{"line":348,"column":34}},"61":{"start":{"line":351,"column":20},"end":{"line":351,"column":21}},"62":{"start":{"line":353,"column":4},"end":{"line":355,"column":5}},"63":{"start":{"line":354,"column":6},"end":{"line":354,"column":62}},"64":{"start":{"line":356,"column":4},"end":{"line":358,"column":5}},"65":{"start":{"line":357,"column":6},"end":{"line":357,"column":63}},"66":{"start":{"line":359,"column":4},"end":{"line":361,"column":5}},"67":{"start":{"line":360,"column":6},"end":{"line":360,"column":54}},"68":{"start":{"line":362,"column":4},"end":{"line":364,"column":5}},"69":{"start":{"line":363,"column":6},"end":{"line":363,"column":61}},"70":{"start":{"line":366,"column":4},"end":{"line":366,"column":59}},"71":{"start":{"line":379,"column":17},"end":{"line":379,"column":73}},"72":{"start":{"line":381,"column":2},"end":{"line":383,"column":3}},"73":{"start":{"line":382,"column":4},"end":{"line":382,"column":58}},"74":{"start":{"line":386,"column":19},"end":{"line":386,"column":47}},"75":{"start":{"line":387,"column":2},"end":{"line":389,"column":3}},"76":{"start":{"line":388,"column":4},"end":{"line":388,"column":78}},"77":{"start":{"line":391,"column":59},"end":{"line":393,"column":4}},"78":{"start":{"line":395,"column":2},"end":{"line":402,"column":5}},"79":{"start":{"line":425,"column":23},"end":{"line":425,"column":69}},"80":{"start":{"line":427,"column":4},"end":{"line":428,"column":70}},"81":{"start":{"line":428,"column":11},"end":{"line":428,"column":69}},"82":{"start":{"line":430,"column":2},"end":{"line":464,"column":4}},"83":{"start":{"line":431,"column":22},"end":{"line":431,"column":41}},"84":{"start":{"line":432,"column":22},"end":{"line":432,"column":32}},"85":{"start":{"line":435,"column":25},"end":{"line":435,"column":33}},"86":{"start":{"line":437,"column":4},"end":{"line":440,"column":6}},"87":{"start":{"line":438,"column":6},"end":{"line":438,"column":26}},"88":{"start":{"line":439,"column":6},"end":{"line":439,"column":43}},"89":{"start":{"line":443,"column":4},"end":{"line":461,"column":7}},"90":{"start":{"line":444,"column":23},"end":{"line":444,"column":45}},"91":{"start":{"line":445,"column":20},"end":{"line":445,"column":42}},"92":{"start":{"line":447,"column":6},"end":{"line":460,"column":7}},"93":{"start":{"line":449,"column":8},"end":{"line":449,"column":36}},"94":{"start":{"line":452,"column":8},"end":{"line":452,"column":30}},"95":{"start":{"line":454,"column":8},"end":{"line":459,"column":11}},"96":{"start":{"line":463,"column":4},"end":{"line":463,"column":11}},"97":{"start":{"line":474,"column":58},"end":{"line":474,"column":60}},"98":{"start":{"line":477,"column":2},"end":{"line":479,"column":3}},"99":{"start":{"line":482,"column":24},"end":{"line":482,"column":49}},"100":{"start":{"line":483,"column":2},"end":{"line":485,"column":3}},"101":{"start":{"line":484,"column":4},"end":{"line":484,"column":52}},"102":{"start":{"line":487,"column":23},"end":{"line":487,"column":48}},"103":{"start":{"line":488,"column":2},"end":{"line":490,"column":3}},"104":{"start":{"line":489,"column":4},"end":{"line":489,"column":52}},"105":{"start":{"line":492,"column":2},"end":{"line":492,"column":15}},"106":{"start":{"line":515,"column":17},"end":{"line":515,"column":43}},"107":{"start":{"line":518,"column":23},"end":{"line":518,"column":56}},"108":{"start":{"line":519,"column":22},"end":{"line":519,"column":55}},"109":{"start":{"line":520,"column":26},"end":{"line":520,"column":52}},"110":{"start":{"line":523,"column":23},"end":{"line":523,"column":72}},"111":{"start":{"line":525,"column":2},"end":{"line":531,"column":4}}},"fnMap":{"0":{"name":"(anonymous_0)","decl":{"start":{"line":133,"column":2},"end":{"line":133,"column":8}},"loc":{"start":{"line":139,"column":3},"end":{"line":150,"column":3}}},"1":{"name":"(anonymous_1)","decl":{"start":{"line":155,"column":2},"end":{"line":155,"column":8}},"loc":{"start":{"line":155,"column":38},"end":{"line":158,"column":3}}},"2":{"name":"(anonymous_2)","decl":{"start":{"line":163,"column":2},"end":{"line":163,"column":8}},"loc":{"start":{"line":163,"column":39},"end":{"line":166,"column":3}}},"3":{"name":"(anonymous_3)","decl":{"start":{"line":176,"column":2},"end":{"line":176,"column":8}},"loc":{"start":{"line":179,"column":24},"end":{"line":195,"column":3}}},"4":{"name":"(anonymous_4)","decl":{"start":{"line":200,"column":2},"end":{"line":200,"column":8}},"loc":{"start":{"line":203,"column":23},"end":{"line":215,"column":3}}},"5":{"name":"(anonymous_5)","decl":{"start":{"line":220,"column":2},"end":{"line":220,"column":8}},"loc":{"start":{"line":223,"column":27},"end":{"line":233,"column":3}}},"6":{"name":"(anonymous_6)","decl":{"start":{"line":246,"column":2},"end":{"line":246,"column":14}},"loc":{"start":{"line":246,"column":40},"end":{"line":251,"column":3}}},"7":{"name":"(anonymous_7)","decl":{"start":{"line":253,"column":2},"end":{"line":253,"column":12}},"loc":{"start":{"line":256,"column":38},"end":{"line":281,"column":3}}},"8":{"name":"(anonymous_8)","decl":{"start":{"line":283,"column":10},"end":{"line":283,"column":20}},"loc":{"start":{"line":283,"column":63},"end":{"line":299,"column":3}}},"9":{"name":"(anonymous_9)","decl":{"start":{"line":301,"column":2},"end":{"line":301,"column":18}},"loc":{"start":{"line":301,"column":18},"end":{"line":315,"column":3}}},"10":{"name":"(anonymous_10)","decl":{"start":{"line":310,"column":8},"end":{"line":310,"column":9}},"loc":{"start":{"line":310,"column":15},"end":{"line":310,"column":53}}},"11":{"name":"(anonymous_11)","decl":{"start":{"line":317,"column":2},"end":{"line":317,"column":15}},"loc":{"start":{"line":317,"column":33},"end":{"line":319,"column":3}}},"12":{"name":"(anonymous_12)","decl":{"start":{"line":318,"column":38},"end":{"line":318,"column":39}},"loc":{"start":{"line":318,"column":45},"end":{"line":318,"column":69}}},"13":{"name":"(anonymous_13)","decl":{"start":{"line":321,"column":2},"end":{"line":321,"column":12}},"loc":{"start":{"line":323,"column":25},"end":{"line":336,"column":3}}},"14":{"name":"(anonymous_14)","decl":{"start":{"line":338,"column":2},"end":{"line":338,"column":13}},"loc":{"start":{"line":338,"column":13},"end":{"line":342,"column":3}}},"15":{"name":"(anonymous_15)","decl":{"start":{"line":344,"column":10},"end":{"line":344,"column":28}},"loc":{"start":{"line":344,"column":28},"end":{"line":367,"column":3}}},"16":{"name":"createUsageTracker","decl":{"start":{"line":373,"column":22},"end":{"line":373,"column":40}},"loc":{"start":{"line":377,"column":24},"end":{"line":403,"column":1}}},"17":{"name":"createUsageTrackingMiddleware","decl":{"start":{"line":408,"column":16},"end":{"line":408,"column":45}},"loc":{"start":{"line":423,"column":3},"end":{"line":465,"column":1}}},"18":{"name":"(anonymous_18)","decl":{"start":{"line":428,"column":5},"end":{"line":428,"column":8}},"loc":{"start":{"line":428,"column":11},"end":{"line":428,"column":69}}},"19":{"name":"(anonymous_19)","decl":{"start":{"line":430,"column":9},"end":{"line":430,"column":14}},"loc":{"start":{"line":430,"column":65},"end":{"line":464,"column":3}}},"20":{"name":"(anonymous_20)","decl":{"start":{"line":437,"column":15},"end":{"line":437,"column":25}},"loc":{"start":{"line":437,"column":34},"end":{"line":440,"column":5}}},"21":{"name":"(anonymous_21)","decl":{"start":{"line":443,"column":21},"end":{"line":443,"column":24}},"loc":{"start":{"line":443,"column":26},"end":{"line":461,"column":5}}},"22":{"name":"defaultUsageExtractor","decl":{"start":{"line":470,"column":9},"end":{"line":470,"column":30}},"loc":{"start":{"line":472,"column":10},"end":{"line":493,"column":1}}},"23":{"name":"generateUsageReport","decl":{"start":{"line":514,"column":16},"end":{"line":514,"column":35}},"loc":{"start":{"line":514,"column":57},"end":{"line":532,"column":1}}}},"branchMap":{"0":{"loc":{"start":{"line":143,"column":4},"end":{"line":147,"column":5}},"type":"if","locations":[{"start":{"line":143,"column":4},"end":{"line":147,"column":5}}]},"1":{"loc":{"start":{"line":144,"column":6},"end":{"line":144,"column":64}},"type":"if","locations":[{"start":{"line":144,"column":6},"end":{"line":144,"column":64}}]},"2":{"loc":{"start":{"line":145,"column":6},"end":{"line":145,"column":73}},"type":"if","locations":[{"start":{"line":145,"column":6},"end":{"line":145,"column":73}}]},"3":{"loc":{"start":{"line":146,"column":6},"end":{"line":146,"column":65}},"type":"if","locations":[{"start":{"line":146,"column":6},"end":{"line":146,"column":65}}]},"4":{"loc":{"start":{"line":193,"column":23},"end":{"line":193,"column":77}},"type":"binary-expr","locations":[{"start":{"line":193,"column":23},"end":{"line":193,"column":46}},{"start":{"line":193,"column":50},"end":{"line":193,"column":77}}]},"5":{"loc":{"start":{"line":213,"column":25},"end":{"line":213,"column":67}},"type":"binary-expr","locations":[{"start":{"line":213,"column":25},"end":{"line":213,"column":42}},{"start":{"line":213,"column":46},"end":{"line":213,"column":67}}]},"6":{"loc":{"start":{"line":267,"column":4},"end":{"line":269,"column":5}},"type":"if","locations":[{"start":{"line":267,"column":4},"end":{"line":269,"column":5}}]},"7":{"loc":{"start":{"line":273,"column":6},"end":{"line":279,"column":7}},"type":"if","locations":[{"start":{"line":273,"column":6},"end":{"line":279,"column":7}}]},"8":{"loc":{"start":{"line":273,"column":10},"end":{"line":273,"column":30}},"type":"binary-expr","locations":[{"start":{"line":273,"column":10},"end":{"line":273,"column":16}},{"start":{"line":273,"column":20},"end":{"line":273,"column":30}}]},"9":{"loc":{"start":{"line":274,"column":24},"end":{"line":274,"column":74}},"type":"binary-expr","locations":[{"start":{"line":274,"column":24},"end":{"line":274,"column":69}},{"start":{"line":274,"column":73},"end":{"line":274,"column":74}}]},"10":{"loc":{"start":{"line":285,"column":4},"end":{"line":285,"column":36}},"type":"if","locations":[{"start":{"line":285,"column":4},"end":{"line":285,"column":36}}]},"11":{"loc":{"start":{"line":290,"column":4},"end":{"line":298,"column":5}},"type":"if","locations":[{"start":{"line":290,"column":4},"end":{"line":298,"column":5}},{"start":{"line":296,"column":11},"end":{"line":298,"column":5}}]},"12":{"loc":{"start":{"line":291,"column":6},"end":{"line":293,"column":32}},"type":"binary-expr","locations":[{"start":{"line":291,"column":6},"end":{"line":291,"column":33}},{"start":{"line":292,"column":6},"end":{"line":292,"column":33}},{"start":{"line":293,"column":6},"end":{"line":293,"column":32}}]},"13":{"loc":{"start":{"line":296,"column":11},"end":{"line":298,"column":5}},"type":"if","locations":[{"start":{"line":296,"column":11},"end":{"line":298,"column":5}}]},"14":{"loc":{"start":{"line":296,"column":15},"end":{"line":296,"column":74}},"type":"binary-expr","locations":[{"start":{"line":296,"column":15},"end":{"line":296,"column":43}},{"start":{"line":296,"column":47},"end":{"line":296,"column":74}}]},"15":{"loc":{"start":{"line":303,"column":25},"end":{"line":303,"column":65}},"type":"binary-expr","locations":[{"start":{"line":303,"column":25},"end":{"line":303,"column":56}},{"start":{"line":303,"column":60},"end":{"line":303,"column":65}}]},"16":{"loc":{"start":{"line":326,"column":4},"end":{"line":329,"column":5}},"type":"if","locations":[{"start":{"line":326,"column":4},"end":{"line":329,"column":5}}]},"17":{"loc":{"start":{"line":331,"column":20},"end":{"line":331,"column":51}},"type":"binary-expr","locations":[{"start":{"line":331,"column":20},"end":{"line":331,"column":46}},{"start":{"line":331,"column":50},"end":{"line":331,"column":51}}]},"18":{"loc":{"start":{"line":353,"column":4},"end":{"line":355,"column":5}},"type":"if","locations":[{"start":{"line":353,"column":4},"end":{"line":355,"column":5}}]},"19":{"loc":{"start":{"line":356,"column":4},"end":{"line":358,"column":5}},"type":"if","locations":[{"start":{"line":356,"column":4},"end":{"line":358,"column":5}}]},"20":{"loc":{"start":{"line":359,"column":4},"end":{"line":361,"column":5}},"type":"if","locations":[{"start":{"line":359,"column":4},"end":{"line":361,"column":5}}]},"21":{"loc":{"start":{"line":362,"column":4},"end":{"line":364,"column":5}},"type":"if","locations":[{"start":{"line":362,"column":4},"end":{"line":364,"column":5}}]},"22":{"loc":{"start":{"line":381,"column":2},"end":{"line":383,"column":3}},"type":"if","locations":[{"start":{"line":381,"column":2},"end":{"line":383,"column":3}}]},"23":{"loc":{"start":{"line":387,"column":2},"end":{"line":389,"column":3}},"type":"if","locations":[{"start":{"line":387,"column":2},"end":{"line":389,"column":3}}]},"24":{"loc":{"start":{"line":425,"column":23},"end":{"line":425,"column":69}},"type":"binary-expr","locations":[{"start":{"line":425,"column":23},"end":{"line":425,"column":44}},{"start":{"line":425,"column":48},"end":{"line":425,"column":69}}]},"25":{"loc":{"start":{"line":427,"column":4},"end":{"line":428,"column":70}},"type":"binary-expr","locations":[{"start":{"line":427,"column":4},"end":{"line":427,"column":30}},{"start":{"line":428,"column":5},"end":{"line":428,"column":69}}]},"26":{"loc":{"start":{"line":447,"column":6},"end":{"line":460,"column":7}},"type":"if","locations":[{"start":{"line":447,"column":6},"end":{"line":460,"column":7}}]},"27":{"loc":{"start":{"line":477,"column":2},"end":{"line":479,"column":3}},"type":"if","locations":[{"start":{"line":477,"column":2},"end":{"line":479,"column":3}}]},"28":{"loc":{"start":{"line":477,"column":6},"end":{"line":477,"column":46}},"type":"binary-expr","locations":[{"start":{"line":477,"column":6},"end":{"line":477,"column":23}},{"start":{"line":477,"column":27},"end":{"line":477,"column":46}}]},"29":{"loc":{"start":{"line":483,"column":2},"end":{"line":485,"column":3}},"type":"if","locations":[{"start":{"line":483,"column":2},"end":{"line":485,"column":3}}]},"30":{"loc":{"start":{"line":488,"column":2},"end":{"line":490,"column":3}},"type":"if","locations":[{"start":{"line":488,"column":2},"end":{"line":490,"column":3}}]},"31":{"loc":{"start":{"line":518,"column":23},"end":{"line":518,"column":56}},"type":"binary-expr","locations":[{"start":{"line":518,"column":23},"end":{"line":518,"column":51}},{"start":{"line":518,"column":55},"end":{"line":518,"column":56}}]},"32":{"loc":{"start":{"line":519,"column":22},"end":{"line":519,"column":55}},"type":"binary-expr","locations":[{"start":{"line":519,"column":22},"end":{"line":519,"column":50}},{"start":{"line":519,"column":54},"end":{"line":519,"column":55}}]}},"s":{"0":5,"1":5,"2":5,"3":3,"4":2,"5":3,"6":2,"7":3,"8":1,"9":5,"10":8,"11":4,"12":4,"13":7,"14":7,"15":7,"16":3,"17":3,"18":3,"19":5,"20":5,"21":15,"22":15,"23":15,"24":15,"25":15,"26":20,"27":20,"28":20,"29":0,"30":20,"31":24,"32":23,"33":23,"34":23,"35":23,"36":23,"37":2,"38":21,"39":21,"40":21,"41":0,"42":21,"43":0,"44":8,"45":8,"46":8,"47":11,"48":3,"49":6,"50":4,"51":4,"52":1,"53":3,"54":3,"55":3,"56":3,"57":1,"58":1,"59":1,"60":8,"61":8,"62":8,"63":2,"64":8,"65":0,"66":8,"67":4,"68":8,"69":0,"70":8,"71":0,"72":0,"73":0,"74":0,"75":0,"76":0,"77":0,"78":0,"79":0,"80":0,"81":0,"82":0,"83":0,"84":0,"85":0,"86":0,"87":0,"88":0,"89":0,"90":0,"91":0,"92":0,"93":0,"94":0,"95":0,"96":0,"97":0,"98":0,"99":0,"100":0,"101":0,"102":0,"103":0,"104":0,"105":0,"106":0,"107":0,"108":0,"109":0,"110":0,"111":0},"f":{"0":5,"1":8,"2":4,"3":7,"4":3,"5":5,"6":15,"7":20,"8":23,"9":8,"10":11,"11":3,"12":6,"13":4,"14":1,"15":8,"16":0,"17":0,"18":0,"19":0,"20":0,"21":0,"22":0,"23":0},"b":{"0":[3],"1":[2],"2":[2],"3":[1],"4":[7,1],"5":[3,1],"6":[0],"7":[23],"8":[24,23],"9":[23,14],"10":[2],"11":[0,21],"12":[21,0,0],"13":[0],"14":[21,0],"15":[8,0],"16":[1],"17":[3,2],"18":[2],"19":[0],"20":[4],"21":[0],"22":[0],"23":[0],"24":[0,0],"25":[0,0],"26":[0],"27":[0],"28":[0,0],"29":[0],"30":[0],"31":[0,0],"32":[0,0]}}
,"/home/xeroc/projects/Tributary/tributary/x402/src/middleware.ts": {"path":"/home/xeroc/projects/Tributary/tributary/x402/src/middleware.ts","statementMap":{"0":{"start":{"line":130,"column":26},"end":{"line":141,"column":4}},"1":{"start":{"line":144,"column":2},"end":{"line":162,"column":3}},"2":{"start":{"line":145,"column":4},"end":{"line":145,"column":78}},"3":{"start":{"line":146,"column":4},"end":{"line":148,"column":6}},"4":{"start":{"line":149,"column":4},"end":{"line":151,"column":5}},"5":{"start":{"line":150,"column":6},"end":{"line":150,"column":55}},"6":{"start":{"line":152,"column":9},"end":{"line":162,"column":3}},"7":{"start":{"line":153,"column":4},"end":{"line":155,"column":5}},"8":{"start":{"line":154,"column":6},"end":{"line":154,"column":69}},"9":{"start":{"line":156,"column":4},"end":{"line":158,"column":5}},"10":{"start":{"line":157,"column":6},"end":{"line":157,"column":71}},"11":{"start":{"line":159,"column":4},"end":{"line":161,"column":5}},"12":{"start":{"line":160,"column":6},"end":{"line":160,"column":61}},"13":{"start":{"line":164,"column":2},"end":{"line":164,"column":26}},"14":{"start":{"line":171,"column":2},"end":{"line":178,"column":3}},"15":{"start":{"line":173,"column":20},"end":{"line":173,"column":72}},"16":{"start":{"line":174,"column":4},"end":{"line":174,"column":53}},"17":{"start":{"line":176,"column":4},"end":{"line":176,"column":56}},"18":{"start":{"line":177,"column":4},"end":{"line":177,"column":16}},"19":{"start":{"line":190,"column":2},"end":{"line":190,"column":88}},"20":{"start":{"line":204,"column":2},"end":{"line":268,"column":3}},"21":{"start":{"line":205,"column":27},"end":{"line":207,"column":null}},"22":{"start":{"line":209,"column":32},"end":{"line":210,"column":null}},"23":{"start":{"line":213,"column":4},"end":{"line":215,"column":5}},"24":{"start":{"line":214,"column":6},"end":{"line":214,"column":77}},"25":{"start":{"line":217,"column":25},"end":{"line":219,"column":8}},"26":{"start":{"line":218,"column":6},"end":{"line":218,"column":61}},"27":{"start":{"line":221,"column":19},"end":{"line":221,"column":39}},"28":{"start":{"line":222,"column":26},"end":{"line":222,"column":48}},"29":{"start":{"line":224,"column":4},"end":{"line":229,"column":5}},"30":{"start":{"line":225,"column":6},"end":{"line":228,"column":8}},"31":{"start":{"line":231,"column":25},"end":{"line":231,"column":79}},"32":{"start":{"line":232,"column":4},"end":{"line":237,"column":5}},"33":{"start":{"line":233,"column":6},"end":{"line":236,"column":8}},"34":{"start":{"line":239,"column":24},"end":{"line":239,"column":68}},"35":{"start":{"line":240,"column":4},"end":{"line":245,"column":5}},"36":{"start":{"line":241,"column":6},"end":{"line":244,"column":8}},"37":{"start":{"line":247,"column":4},"end":{"line":252,"column":5}},"38":{"start":{"line":248,"column":6},"end":{"line":251,"column":8}},"39":{"start":{"line":254,"column":4},"end":{"line":259,"column":5}},"40":{"start":{"line":255,"column":6},"end":{"line":258,"column":8}},"41":{"start":{"line":261,"column":4},"end":{"line":261,"column":44}},"42":{"start":{"line":263,"column":4},"end":{"line":267,"column":6}},"43":{"start":{"line":281,"column":2},"end":{"line":342,"column":3}},"44":{"start":{"line":282,"column":27},"end":{"line":284,"column":null}},"45":{"start":{"line":286,"column":32},"end":{"line":287,"column":null}},"46":{"start":{"line":291,"column":25},"end":{"line":297,"column":6}},"47":{"start":{"line":292,"column":25},"end":{"line":292,"column":45}},"48":{"start":{"line":293,"column":6},"end":{"line":296,"column":8}},"49":{"start":{"line":299,"column":4},"end":{"line":304,"column":5}},"50":{"start":{"line":300,"column":6},"end":{"line":303,"column":8}},"51":{"start":{"line":306,"column":25},"end":{"line":308,"column":8}},"52":{"start":{"line":307,"column":6},"end":{"line":307,"column":61}},"53":{"start":{"line":310,"column":19},"end":{"line":310,"column":39}},"54":{"start":{"line":311,"column":26},"end":{"line":311,"column":48}},"55":{"start":{"line":313,"column":24},"end":{"line":313,"column":68}},"56":{"start":{"line":314,"column":4},"end":{"line":319,"column":5}},"57":{"start":{"line":315,"column":6},"end":{"line":318,"column":8}},"58":{"start":{"line":321,"column":4},"end":{"line":326,"column":5}},"59":{"start":{"line":322,"column":6},"end":{"line":325,"column":8}},"60":{"start":{"line":328,"column":4},"end":{"line":333,"column":5}},"61":{"start":{"line":329,"column":6},"end":{"line":332,"column":8}},"62":{"start":{"line":335,"column":4},"end":{"line":335,"column":44}},"63":{"start":{"line":337,"column":4},"end":{"line":341,"column":6}},"64":{"start":{"line":346,"column":2},"end":{"line":707,"column":4}},"65":{"start":{"line":348,"column":23},"end":{"line":348,"column":50}},"66":{"start":{"line":349,"column":4},"end":{"line":440,"column":5}},"67":{"start":{"line":350,"column":20},"end":{"line":350,"column":43}},"68":{"start":{"line":351,"column":6},"end":{"line":439,"column":7}},"69":{"start":{"line":352,"column":24},"end":{"line":352,"column":null}},"70":{"start":{"line":364,"column":23},"end":{"line":365,"column":null}},"71":{"start":{"line":368,"column":8},"end":{"line":423,"column":9}},"72":{"start":{"line":369,"column":27},"end":{"line":369,"column":69}},"73":{"start":{"line":371,"column":10},"end":{"line":422,"column":11}},"74":{"start":{"line":373,"column":12},"end":{"line":421,"column":13}},"75":{"start":{"line":374,"column":31},"end":{"line":374,"column":59}},"76":{"start":{"line":375,"column":14},"end":{"line":413,"column":15}},"77":{"start":{"line":376,"column":28},"end":{"line":376,"column":45}},"78":{"start":{"line":378,"column":18},"end":{"line":379,"column":57}},"79":{"start":{"line":381,"column":18},"end":{"line":382,"column":56}},"80":{"start":{"line":384,"column":16},"end":{"line":412,"column":17}},"81":{"start":{"line":386,"column":19},"end":{"line":393,"column":20}},"82":{"start":{"line":394,"column":18},"end":{"line":394,"column":32}},"83":{"start":{"line":397,"column":18},"end":{"line":411,"column":71}},"84":{"start":{"line":416,"column":15},"end":{"line":419,"column":16}},"85":{"start":{"line":420,"column":14},"end":{"line":420,"column":28}},"86":{"start":{"line":425,"column":8},"end":{"line":435,"column":63}},"87":{"start":{"line":437,"column":8},"end":{"line":437,"column":52}},"88":{"start":{"line":438,"column":8},"end":{"line":438,"column":68}},"89":{"start":{"line":443,"column":26},"end":{"line":443,"column":47}},"90":{"start":{"line":444,"column":4},"end":{"line":668,"column":5}},"91":{"start":{"line":445,"column":6},"end":{"line":667,"column":7}},"92":{"start":{"line":446,"column":28},"end":{"line":446,"column":61}},"93":{"start":{"line":448,"column":8},"end":{"line":452,"column":9}},"94":{"start":{"line":449,"column":10},"end":{"line":451,"column":62}},"95":{"start":{"line":455,"column":8},"end":{"line":459,"column":9}},"96":{"start":{"line":456,"column":10},"end":{"line":458,"column":13}},"97":{"start":{"line":462,"column":8},"end":{"line":464,"column":9}},"98":{"start":{"line":463,"column":10},"end":{"line":463,"column":72}},"99":{"start":{"line":467,"column":8},"end":{"line":469,"column":9}},"100":{"start":{"line":468,"column":10},"end":{"line":468,"column":74}},"101":{"start":{"line":471,"column":8},"end":{"line":471,"column":74}},"102":{"start":{"line":472,"column":8},"end":{"line":472,"column":57}},"103":{"start":{"line":473,"column":8},"end":{"line":473,"column":47}},"104":{"start":{"line":476,"column":25},"end":{"line":478,"column":null}},"105":{"start":{"line":480,"column":19},"end":{"line":480,"column":45}},"106":{"start":{"line":483,"column":30},"end":{"line":483,"column":42}},"107":{"start":{"line":488,"column":8},"end":{"line":507,"column":9}},"108":{"start":{"line":489,"column":10},"end":{"line":496,"column":12}},"109":{"start":{"line":497,"column":15},"end":{"line":507,"column":9}},"110":{"start":{"line":498,"column":10},"end":{"line":504,"column":12}},"111":{"start":{"line":506,"column":10},"end":{"line":506,"column":47}},"112":{"start":{"line":509,"column":8},"end":{"line":548,"column":9}},"113":{"start":{"line":510,"column":10},"end":{"line":510,"column":71}},"114":{"start":{"line":513,"column":24},"end":{"line":525,"column":null}},"115":{"start":{"line":528,"column":28},"end":{"line":528,"column":38}},"116":{"start":{"line":529,"column":10},"end":{"line":537,"column":12}},"117":{"start":{"line":539,"column":10},"end":{"line":547,"column":13}},"118":{"start":{"line":551,"column":8},"end":{"line":551,"column":49}},"119":{"start":{"line":552,"column":27},"end":{"line":552,"column":75}},"120":{"start":{"line":553,"column":8},"end":{"line":559,"column":9}},"121":{"start":{"line":554,"column":10},"end":{"line":554,"column":68}},"122":{"start":{"line":555,"column":10},"end":{"line":558,"column":13}},"123":{"start":{"line":560,"column":8},"end":{"line":560,"column":49}},"124":{"start":{"line":563,"column":8},"end":{"line":563,"column":60}},"125":{"start":{"line":564,"column":26},"end":{"line":569,"column":null}},"126":{"start":{"line":572,"column":8},"end":{"line":572,"column":59}},"127":{"start":{"line":575,"column":29},"end":{"line":577,"column":null}},"128":{"start":{"line":579,"column":8},"end":{"line":584,"column":9}},"129":{"start":{"line":580,"column":10},"end":{"line":583,"column":13}},"130":{"start":{"line":593,"column":8},"end":{"line":612,"column":9}},"131":{"start":{"line":594,"column":10},"end":{"line":601,"column":12}},"132":{"start":{"line":602,"column":15},"end":{"line":612,"column":9}},"133":{"start":{"line":603,"column":10},"end":{"line":609,"column":12}},"134":{"start":{"line":611,"column":10},"end":{"line":611,"column":73}},"135":{"start":{"line":614,"column":8},"end":{"line":619,"column":9}},"136":{"start":{"line":615,"column":10},"end":{"line":618,"column":13}},"137":{"start":{"line":621,"column":8},"end":{"line":621,"column":42}},"138":{"start":{"line":624,"column":22},"end":{"line":636,"column":null}},"139":{"start":{"line":639,"column":26},"end":{"line":639,"column":36}},"140":{"start":{"line":640,"column":8},"end":{"line":648,"column":10}},"141":{"start":{"line":650,"column":8},"end":{"line":660,"column":11}},"142":{"start":{"line":662,"column":8},"end":{"line":662,"column":54}},"143":{"start":{"line":663,"column":8},"end":{"line":666,"column":11}},"144":{"start":{"line":671,"column":4},"end":{"line":671,"column":65}},"145":{"start":{"line":673,"column":25},"end":{"line":673,"column":60}},"146":{"start":{"line":674,"column":22},"end":{"line":676,"column":36}},"147":{"start":{"line":677,"column":21},"end":{"line":677,"column":77}},"148":{"start":{"line":680,"column":4},"end":{"line":683,"column":6}},"149":{"start":{"line":685,"column":4},"end":{"line":706,"column":7}}},"fnMap":{"0":{"name":"buildPaymentRequiredHeader","decl":{"start":{"line":125,"column":9},"end":{"line":125,"column":35}},"loc":{"start":{"line":128,"column":24},"end":{"line":165,"column":1}}},"1":{"name":"parsePaymentHeader","decl":{"start":{"line":170,"column":9},"end":{"line":170,"column":27}},"loc":{"start":{"line":170,"column":47},"end":{"line":179,"column":1}}},"2":{"name":"buildPaymentResponseHeader","decl":{"start":{"line":184,"column":9},"end":{"line":184,"column":35}},"loc":{"start":{"line":188,"column":19},"end":{"line":191,"column":1}}},"3":{"name":"verifySubscriptionCreation","decl":{"start":{"line":196,"column":15},"end":{"line":196,"column":41}},"loc":{"start":{"line":202,"column":30},"end":{"line":269,"column":1}}},"4":{"name":"(anonymous_4)","decl":{"start":{"line":217,"column":50},"end":{"line":217,"column":51}},"loc":{"start":{"line":218,"column":6},"end":{"line":218,"column":61}}},"5":{"name":"verifyPayAsYouGoPayment","decl":{"start":{"line":274,"column":15},"end":{"line":274,"column":38}},"loc":{"start":{"line":279,"column":30},"end":{"line":343,"column":1}}},"6":{"name":"(anonymous_6)","decl":{"start":{"line":291,"column":52},"end":{"line":291,"column":53}},"loc":{"start":{"line":291,"column":58},"end":{"line":297,"column":5}}},"7":{"name":"(anonymous_7)","decl":{"start":{"line":306,"column":43},"end":{"line":306,"column":44}},"loc":{"start":{"line":307,"column":6},"end":{"line":307,"column":61}}},"8":{"name":"createX402Middleware","decl":{"start":{"line":345,"column":16},"end":{"line":345,"column":36}},"loc":{"start":{"line":345,"column":57},"end":{"line":708,"column":1}}},"9":{"name":"(anonymous_9)","decl":{"start":{"line":346,"column":9},"end":{"line":346,"column":14}},"loc":{"start":{"line":346,"column":67},"end":{"line":707,"column":3}}}},"branchMap":{"0":{"loc":{"start":{"line":144,"column":2},"end":{"line":162,"column":3}},"type":"if","locations":[{"start":{"line":144,"column":2},"end":{"line":162,"column":3}},{"start":{"line":152,"column":9},"end":{"line":162,"column":3}}]},"1":{"loc":{"start":{"line":145,"column":36},"end":{"line":145,"column":73}},"type":"binary-expr","locations":[{"start":{"line":145,"column":36},"end":{"line":145,"column":60}},{"start":{"line":145,"column":64},"end":{"line":145,"column":73}}]},"2":{"loc":{"start":{"line":147,"column":19},"end":{"line":147,"column":77}},"type":"cond-expr","locations":[{"start":{"line":147,"column":53},"end":{"line":147,"column":70}},{"start":{"line":147,"column":73},"end":{"line":147,"column":77}}]},"3":{"loc":{"start":{"line":149,"column":4},"end":{"line":151,"column":5}},"type":"if","locations":[{"start":{"line":149,"column":4},"end":{"line":151,"column":5}}]},"4":{"loc":{"start":{"line":149,"column":8},"end":{"line":149,"column":73}},"type":"binary-expr","locations":[{"start":{"line":149,"column":8},"end":{"line":149,"column":41}},{"start":{"line":149,"column":45},"end":{"line":149,"column":73}}]},"5":{"loc":{"start":{"line":152,"column":9},"end":{"line":162,"column":3}},"type":"if","locations":[{"start":{"line":152,"column":9},"end":{"line":162,"column":3}}]},"6":{"loc":{"start":{"line":153,"column":4},"end":{"line":155,"column":5}},"type":"if","locations":[{"start":{"line":153,"column":4},"end":{"line":155,"column":5}}]},"7":{"loc":{"start":{"line":156,"column":4},"end":{"line":158,"column":5}},"type":"if","locations":[{"start":{"line":156,"column":4},"end":{"line":158,"column":5}}]},"8":{"loc":{"start":{"line":159,"column":4},"end":{"line":161,"column":5}},"type":"if","locations":[{"start":{"line":159,"column":4},"end":{"line":161,"column":5}}]},"9":{"loc":{"start":{"line":213,"column":4},"end":{"line":215,"column":5}},"type":"if","locations":[{"start":{"line":213,"column":4},"end":{"line":215,"column":5}}]},"10":{"loc":{"start":{"line":224,"column":4},"end":{"line":229,"column":5}},"type":"if","locations":[{"start":{"line":224,"column":4},"end":{"line":229,"column":5}}]},"11":{"loc":{"start":{"line":231,"column":25},"end":{"line":231,"column":79}},"type":"binary-expr","locations":[{"start":{"line":231,"column":25},"end":{"line":231,"column":74}},{"start":{"line":231,"column":78},"end":{"line":231,"column":79}}]},"12":{"loc":{"start":{"line":232,"column":4},"end":{"line":237,"column":5}},"type":"if","locations":[{"start":{"line":232,"column":4},"end":{"line":237,"column":5}}]},"13":{"loc":{"start":{"line":240,"column":4},"end":{"line":245,"column":5}},"type":"if","locations":[{"start":{"line":240,"column":4},"end":{"line":245,"column":5}}]},"14":{"loc":{"start":{"line":240,"column":8},"end":{"line":240,"column":72}},"type":"binary-expr","locations":[{"start":{"line":240,"column":8},"end":{"line":240,"column":20}},{"start":{"line":240,"column":24},"end":{"line":240,"column":72}}]},"15":{"loc":{"start":{"line":247,"column":4},"end":{"line":252,"column":5}},"type":"if","locations":[{"start":{"line":247,"column":4},"end":{"line":252,"column":5}}]},"16":{"loc":{"start":{"line":254,"column":4},"end":{"line":259,"column":5}},"type":"if","locations":[{"start":{"line":254,"column":4},"end":{"line":259,"column":5}}]},"17":{"loc":{"start":{"line":266,"column":8},"end":{"line":266,"column":77}},"type":"cond-expr","locations":[{"start":{"line":266,"column":33},"end":{"line":266,"column":46}},{"start":{"line":266,"column":49},"end":{"line":266,"column":77}}]},"18":{"loc":{"start":{"line":294,"column":8},"end":{"line":295,"column":53}},"type":"binary-expr","locations":[{"start":{"line":294,"column":8},"end":{"line":294,"column":34}},{"start":{"line":295,"column":8},"end":{"line":295,"column":53}}]},"19":{"loc":{"start":{"line":299,"column":4},"end":{"line":304,"column":5}},"type":"if","locations":[{"start":{"line":299,"column":4},"end":{"line":304,"column":5}}]},"20":{"loc":{"start":{"line":314,"column":4},"end":{"line":319,"column":5}},"type":"if","locations":[{"start":{"line":314,"column":4},"end":{"line":319,"column":5}}]},"21":{"loc":{"start":{"line":314,"column":8},"end":{"line":314,"column":72}},"type":"binary-expr","locations":[{"start":{"line":314,"column":8},"end":{"line":314,"column":20}},{"start":{"line":314,"column":24},"end":{"line":314,"column":72}}]},"22":{"loc":{"start":{"line":321,"column":4},"end":{"line":326,"column":5}},"type":"if","locations":[{"start":{"line":321,"column":4},"end":{"line":326,"column":5}}]},"23":{"loc":{"start":{"line":328,"column":4},"end":{"line":333,"column":5}},"type":"if","locations":[{"start":{"line":328,"column":4},"end":{"line":333,"column":5}}]},"24":{"loc":{"start":{"line":340,"column":8},"end":{"line":340,"column":77}},"type":"cond-expr","locations":[{"start":{"line":340,"column":33},"end":{"line":340,"column":46}},{"start":{"line":340,"column":49},"end":{"line":340,"column":77}}]},"25":{"loc":{"start":{"line":349,"column":4},"end":{"line":440,"column":5}},"type":"if","locations":[{"start":{"line":349,"column":4},"end":{"line":440,"column":5}}]},"26":{"loc":{"start":{"line":349,"column":8},"end":{"line":349,"column":54}},"type":"binary-expr","locations":[{"start":{"line":349,"column":8},"end":{"line":349,"column":18}},{"start":{"line":349,"column":22},"end":{"line":349,"column":54}}]},"27":{"loc":{"start":{"line":368,"column":8},"end":{"line":423,"column":9}},"type":"if","locations":[{"start":{"line":368,"column":8},"end":{"line":423,"column":9}}]},"28":{"loc":{"start":{"line":371,"column":10},"end":{"line":422,"column":11}},"type":"if","locations":[{"start":{"line":371,"column":10},"end":{"line":422,"column":11}}]},"29":{"loc":{"start":{"line":373,"column":12},"end":{"line":421,"column":13}},"type":"if","locations":[{"start":{"line":373,"column":12},"end":{"line":421,"column":13}},{"start":{"line":414,"column":19},"end":{"line":421,"column":13}}]},"30":{"loc":{"start":{"line":375,"column":14},"end":{"line":413,"column":15}},"type":"if","locations":[{"start":{"line":375,"column":14},"end":{"line":413,"column":15}}]},"31":{"loc":{"start":{"line":384,"column":16},"end":{"line":412,"column":17}},"type":"if","locations":[{"start":{"line":384,"column":16},"end":{"line":412,"column":17}},{"start":{"line":395,"column":23},"end":{"line":412,"column":17}}]},"32":{"loc":{"start":{"line":384,"column":20},"end":{"line":384,"column":50}},"type":"binary-expr","locations":[{"start":{"line":384,"column":20},"end":{"line":384,"column":35}},{"start":{"line":384,"column":39},"end":{"line":384,"column":50}}]},"33":{"loc":{"start":{"line":444,"column":4},"end":{"line":668,"column":5}},"type":"if","locations":[{"start":{"line":444,"column":4},"end":{"line":668,"column":5}}]},"34":{"loc":{"start":{"line":448,"column":8},"end":{"line":452,"column":9}},"type":"if","locations":[{"start":{"line":448,"column":8},"end":{"line":452,"column":9}}]},"35":{"loc":{"start":{"line":455,"column":8},"end":{"line":459,"column":9}},"type":"if","locations":[{"start":{"line":455,"column":8},"end":{"line":459,"column":9}}]},"36":{"loc":{"start":{"line":462,"column":8},"end":{"line":464,"column":9}},"type":"if","locations":[{"start":{"line":462,"column":8},"end":{"line":464,"column":9}}]},"37":{"loc":{"start":{"line":467,"column":8},"end":{"line":469,"column":9}},"type":"if","locations":[{"start":{"line":467,"column":8},"end":{"line":469,"column":9}}]},"38":{"loc":{"start":{"line":488,"column":8},"end":{"line":507,"column":9}},"type":"if","locations":[{"start":{"line":488,"column":8},"end":{"line":507,"column":9}},{"start":{"line":497,"column":15},"end":{"line":507,"column":9}}]},"39":{"loc":{"start":{"line":497,"column":15},"end":{"line":507,"column":9}},"type":"if","locations":[{"start":{"line":497,"column":15},"end":{"line":507,"column":9}},{"start":{"line":505,"column":15},"end":{"line":507,"column":9}}]},"40":{"loc":{"start":{"line":509,"column":8},"end":{"line":548,"column":9}},"type":"if","locations":[{"start":{"line":509,"column":8},"end":{"line":548,"column":9}}]},"41":{"loc":{"start":{"line":553,"column":8},"end":{"line":559,"column":9}},"type":"if","locations":[{"start":{"line":553,"column":8},"end":{"line":559,"column":9}}]},"42":{"loc":{"start":{"line":579,"column":8},"end":{"line":584,"column":9}},"type":"if","locations":[{"start":{"line":579,"column":8},"end":{"line":584,"column":9}}]},"43":{"loc":{"start":{"line":593,"column":8},"end":{"line":612,"column":9}},"type":"if","locations":[{"start":{"line":593,"column":8},"end":{"line":612,"column":9}},{"start":{"line":602,"column":15},"end":{"line":612,"column":9}}]},"44":{"loc":{"start":{"line":602,"column":15},"end":{"line":612,"column":9}},"type":"if","locations":[{"start":{"line":602,"column":15},"end":{"line":612,"column":9}},{"start":{"line":610,"column":15},"end":{"line":612,"column":9}}]},"45":{"loc":{"start":{"line":614,"column":8},"end":{"line":619,"column":9}},"type":"if","locations":[{"start":{"line":614,"column":8},"end":{"line":619,"column":9}}]},"46":{"loc":{"start":{"line":665,"column":19},"end":{"line":665,"column":67}},"type":"cond-expr","locations":[{"start":{"line":665,"column":40},"end":{"line":665,"column":49}},{"start":{"line":665,"column":52},"end":{"line":665,"column":67}}]},"47":{"loc":{"start":{"line":675,"column":6},"end":{"line":675,"column":null}},"type":"cond-expr","locations":[{"start":{"line":675,"column":41},"end":{"line":675,"column":47}},{"start":{"line":675,"column":50},"end":{"line":675,"column":null}}]}},"s":{"0":17,"1":17,"2":1,"3":1,"4":1,"5":0,"6":16,"7":16,"8":16,"9":16,"10":16,"11":16,"12":16,"13":17,"14":0,"15":0,"16":0,"17":0,"18":0,"19":0,"20":0,"21":0,"22":0,"23":0,"24":0,"25":0,"26":0,"27":0,"28":0,"29":0,"30":0,"31":0,"32":0,"33":0,"34":0,"35":0,"36":0,"37":0,"38":0,"39":0,"40":0,"41":0,"42":0,"43":0,"44":0,"45":0,"46":0,"47":0,"48":0,"49":0,"50":0,"51":0,"52":0,"53":0,"54":0,"55":0,"56":0,"57":0,"58":0,"59":0,"60":0,"61":0,"62":0,"63":0,"64":24,"65":17,"66":17,"67":0,"68":0,"69":0,"70":0,"71":0,"72":0,"73":0,"74":0,"75":0,"76":0,"77":0,"78":0,"79":0,"80":0,"81":0,"82":0,"83":0,"84":0,"85":0,"86":0,"87":0,"88":0,"89":17,"90":17,"91":0,"92":0,"93":0,"94":0,"95":0,"96":0,"97":0,"98":0,"99":0,"100":0,"101":0,"102":0,"103":0,"104":0,"105":0,"106":0,"107":0,"108":0,"109":0,"110":0,"111":0,"112":0,"113":0,"114":0,"115":0,"116":0,"117":0,"118":0,"119":0,"120":0,"121":0,"122":0,"123":0,"124":0,"125":0,"126":0,"127":0,"128":0,"129":0,"130":0,"131":0,"132":0,"133":0,"134":0,"135":0,"136":0,"137":0,"138":0,"139":0,"140":0,"141":0,"142":0,"143":0,"144":17,"145":17,"146":17,"147":17,"148":17,"149":17},"f":{"0":17,"1":0,"2":0,"3":0,"4":0,"5":0,"6":0,"7":0,"8":24,"9":17},"b":{"0":[1,16],"1":[1,1],"2":[0,1],"3":[0],"4":[1,0],"5":[16],"6":[16],"7":[16],"8":[16],"9":[0],"10":[0],"11":[0,0],"12":[0],"13":[0],"14":[0,0],"15":[0],"16":[0],"17":[0,0],"18":[0,0],"19":[0],"20":[0],"21":[0,0],"22":[0],"23":[0],"24":[0,0],"25":[0],"26":[17,0],"27":[0],"28":[0],"29":[0,0],"30":[0],"31":[0,0],"32":[0,0],"33":[0],"34":[0],"35":[0],"36":[0],"37":[0],"38":[0,0],"39":[0,0],"40":[0],"41":[0],"42":[0],"43":[0,0],"44":[0,0],"45":[0],"46":[0,0],"47":[16,1]}}
}
